<?xml version="1.0" encoding="UTF-8"?>
<!-- Generated by org.testng.reporters.JUnitXMLReporter -->
<testsuite hostname="Dell_Pc" ignored="0" name="Default test" tests="4" failures="0" timestamp="11 May 2020 19:41:59 GMT" time="52.396" errors="0">
  <testcase name="openfacebook" time="24.706" classname="MavenPackage.test1"/>
  <testcase name="opengoogle" time="6.668" classname="MavenPackage.test1"/>
  <testcase name="openjavatpoint" time="11.887" classname="MavenPackage.test1"/>
  <testcase name="openw3schools" time="9.009" classname="MavenPackage.test1"/>
</testsuite> <!-- Default test -->
