<?xml version="1.0" encoding="UTF-8"?>
<!-- Generated by org.testng.reporters.JUnitXMLReporter -->
<testsuite hostname="Dell_Pc" ignored="0" name="Test Cases" tests="4" failures="0" timestamp="11 May 2020 19:49:51 GMT" time="50.621" errors="0">
  <testcase name="openfacebook" time="15.712" classname="MavenPackage.test1"/>
  <testcase name="opengoogle" time="6.661" classname="MavenPackage.test1"/>
  <testcase name="openjavatpoint" time="20.828" classname="MavenPackage.test1"/>
  <testcase name="openw3schools" time="7.356" classname="MavenPackage.test1"/>
</testsuite> <!-- Test Cases -->
